

Version:	3.12
CmdLine:	D:\Users\ProgrammingProjects\Java\movie_store_front\bin\movie_store.exe --l4j-debug
WOW64:		yes
Working dir:	D:\Users\ProgrammingProjects\Java\movie_store_front\bin\.
Java min ver:	1.007.000
Java max ver:	
64-bit search:	SOFTWARE\JavaSoft\Java Runtime Environment...
Check:		SOFTWARE\JavaSoft\Java Runtime Environment\1.8
Check launcher:	C:\Program Files\Java\jre1.8.0_144\bin\javaw.exe (OK)
Match:		1.008.000
Check:		SOFTWARE\JavaSoft\Java Runtime Environment\1.8.0_144
Check launcher:	C:\Program Files\Java\jre1.8.0_144\bin\javaw.exe (OK)
Match:		1.008.000_144
64-bit search:	SOFTWARE\JavaSoft\Java Development Kit...
Check:		SOFTWARE\JavaSoft\Java Development Kit\1.8
Ignore:		1.008.000
Check:		SOFTWARE\JavaSoft\Java Development Kit\1.8.0_144
Ignore:		1.008.000_144
64-bit search:	SOFTWARE\JavaSoft\JRE...
64-bit search:	SOFTWARE\JavaSoft\JDK...
Runtime used:	1.008.000_144 (64-bit)
Launcher:	C:\Program Files\Java\jre1.8.0_144\bin\javaw.exe
Launcher args:	-jar "D:\Users\ProgrammingProjects\Java\movie_store_front\bin\movie_store.exe"
Args length:	78/32768 chars
Exit code:	0


Version:	3.12
CmdLine:	D:\Users\ProgrammingProjects\Java\movie_store_front\bin\movie_store.exe --l4j-debug
WOW64:		yes
Working dir:	D:\Users\ProgrammingProjects\Java\movie_store_front\bin\.
Java min ver:	1.007.000
Java max ver:	
64-bit search:	SOFTWARE\JavaSoft\Java Runtime Environment...
Check:		SOFTWARE\JavaSoft\Java Runtime Environment\1.8
Check launcher:	C:\Program Files\Java\jre1.8.0_144\bin\javaw.exe (OK)
Match:		1.008.000
Check:		SOFTWARE\JavaSoft\Java Runtime Environment\1.8.0_144
Check launcher:	C:\Program Files\Java\jre1.8.0_144\bin\javaw.exe (OK)
Match:		1.008.000_144
64-bit search:	SOFTWARE\JavaSoft\Java Development Kit...
Check:		SOFTWARE\JavaSoft\Java Development Kit\1.8
Ignore:		1.008.000
Check:		SOFTWARE\JavaSoft\Java Development Kit\1.8.0_144
Ignore:		1.008.000_144
64-bit search:	SOFTWARE\JavaSoft\JRE...
64-bit search:	SOFTWARE\JavaSoft\JDK...
Runtime used:	1.008.000_144 (64-bit)
Launcher:	C:\Program Files\Java\jre1.8.0_144\bin\javaw.exe
Launcher args:	-jar "D:\Users\ProgrammingProjects\Java\movie_store_front\bin\movie_store.exe"
Args length:	78/32768 chars
Exit code:	0


Version:	3.12
CmdLine:	D:\Users\ProgrammingProjects\Java\movie_store_front\bin\movie_store.exe --l4j-debug
WOW64:		yes
Working dir:	D:\Users\ProgrammingProjects\Java\movie_store_front\bin\.
Java min ver:	1.007.000
Java max ver:	
64-bit search:	SOFTWARE\JavaSoft\Java Runtime Environment...
Check:		SOFTWARE\JavaSoft\Java Runtime Environment\1.8
Check launcher:	C:\Program Files\Java\jre1.8.0_144\bin\javaw.exe (OK)
Match:		1.008.000
Check:		SOFTWARE\JavaSoft\Java Runtime Environment\1.8.0_144
Check launcher:	C:\Program Files\Java\jre1.8.0_144\bin\javaw.exe (OK)
Match:		1.008.000_144
64-bit search:	SOFTWARE\JavaSoft\Java Development Kit...
Check:		SOFTWARE\JavaSoft\Java Development Kit\1.8
Ignore:		1.008.000
Check:		SOFTWARE\JavaSoft\Java Development Kit\1.8.0_144
Ignore:		1.008.000_144
64-bit search:	SOFTWARE\JavaSoft\JRE...
64-bit search:	SOFTWARE\JavaSoft\JDK...
Runtime used:	1.008.000_144 (64-bit)
Launcher:	C:\Program Files\Java\jre1.8.0_144\bin\javaw.exe
Launcher args:	-jar "D:\Users\ProgrammingProjects\Java\movie_store_front\bin\movie_store.exe"
Args length:	78/32768 chars
Exit code:	0


Version:	3.12
CmdLine:	D:\Users\ProgrammingProjects\Java\movie_store_front\bin\movie_store.exe --l4j-debug
WOW64:		yes
Working dir:	D:\Users\ProgrammingProjects\Java\movie_store_front\bin\.
Java min ver:	1.007.000
Java max ver:	
64-bit search:	SOFTWARE\JavaSoft\Java Runtime Environment...
Check:		SOFTWARE\JavaSoft\Java Runtime Environment\1.8
Check launcher:	C:\Program Files\Java\jre1.8.0_144\bin\javaw.exe (OK)
Match:		1.008.000
Check:		SOFTWARE\JavaSoft\Java Runtime Environment\1.8.0_144
Check launcher:	C:\Program Files\Java\jre1.8.0_144\bin\javaw.exe (OK)
Match:		1.008.000_144
64-bit search:	SOFTWARE\JavaSoft\Java Development Kit...
Check:		SOFTWARE\JavaSoft\Java Development Kit\1.8
Ignore:		1.008.000
Check:		SOFTWARE\JavaSoft\Java Development Kit\1.8.0_144
Ignore:		1.008.000_144
64-bit search:	SOFTWARE\JavaSoft\JRE...
64-bit search:	SOFTWARE\JavaSoft\JDK...
Runtime used:	1.008.000_144 (64-bit)
Launcher:	C:\Program Files\Java\jre1.8.0_144\bin\javaw.exe
Launcher args:	-jar "D:\Users\ProgrammingProjects\Java\movie_store_front\bin\movie_store.exe"
Args length:	78/32768 chars
Exit code:	0


Version:	3.12
CmdLine:	D:\Users\ProgrammingProjects\Java\movie_store_front\bin\movie_store.exe --l4j-debug
WOW64:		yes
Working dir:	D:\Users\ProgrammingProjects\Java\movie_store_front\bin\.
Java min ver:	1.007.000
Java max ver:	
64-bit search:	SOFTWARE\JavaSoft\Java Runtime Environment...
Check:		SOFTWARE\JavaSoft\Java Runtime Environment\1.8
Check launcher:	C:\Program Files\Java\jre1.8.0_144\bin\javaw.exe (OK)
Match:		1.008.000
Check:		SOFTWARE\JavaSoft\Java Runtime Environment\1.8.0_144
Check launcher:	C:\Program Files\Java\jre1.8.0_144\bin\javaw.exe (OK)
Match:		1.008.000_144
64-bit search:	SOFTWARE\JavaSoft\Java Development Kit...
Check:		SOFTWARE\JavaSoft\Java Development Kit\1.8
Ignore:		1.008.000
Check:		SOFTWARE\JavaSoft\Java Development Kit\1.8.0_144
Ignore:		1.008.000_144
64-bit search:	SOFTWARE\JavaSoft\JRE...
64-bit search:	SOFTWARE\JavaSoft\JDK...
Runtime used:	1.008.000_144 (64-bit)
Launcher:	C:\Program Files\Java\jre1.8.0_144\bin\javaw.exe
Launcher args:	-jar "D:\Users\ProgrammingProjects\Java\movie_store_front\bin\movie_store.exe"
Args length:	78/32768 chars
Exit code:	0


Version:	3.12
CmdLine:	D:\Users\ProgrammingProjects\Java\movie_store_front\bin\movie_store.exe --l4j-debug
WOW64:		yes
Working dir:	D:\Users\ProgrammingProjects\Java\movie_store_front\bin\.
Java min ver:	1.007.000
Java max ver:	
Bundled JRE:	C:\Program Files\Java\jdk1.8.0_144\jre\lib\
Check launcher:	C:\Program Files\Java\jdk1.8.0_144\jre\lib\bin\javaw.exe (not found)
64-bit search:	SOFTWARE\JavaSoft\Java Runtime Environment...
Check:		SOFTWARE\JavaSoft\Java Runtime Environment\1.8
Check launcher:	C:\Program Files\Java\jre1.8.0_144\bin\javaw.exe (OK)
Match:		1.008.000
Check:		SOFTWARE\JavaSoft\Java Runtime Environment\1.8.0_144
Check launcher:	C:\Program Files\Java\jre1.8.0_144\bin\javaw.exe (OK)
Match:		1.008.000_144
64-bit search:	SOFTWARE\JavaSoft\Java Development Kit...
Check:		SOFTWARE\JavaSoft\Java Development Kit\1.8
Ignore:		1.008.000
Check:		SOFTWARE\JavaSoft\Java Development Kit\1.8.0_144
Ignore:		1.008.000_144
64-bit search:	SOFTWARE\JavaSoft\JRE...
64-bit search:	SOFTWARE\JavaSoft\JDK...
Runtime used:	1.008.000_144 (64-bit)
Launcher:	C:\Program Files\Java\jre1.8.0_144\bin\javaw.exe
Launcher args:	-jar "D:\Users\ProgrammingProjects\Java\movie_store_front\bin\movie_store.exe"
Args length:	78/32768 chars
Exit code:	0
